빌드 시작: 2014-12-06 오전 3:44:57
     1>2 노드의 "D:\GameProject\TheAlbum\TheAlbum_Proj\TheAlbum\TheAlbum.vcxproj" 프로젝트(build 대상)입니다.
     1>InitializeBuildStatus:
         "Debug\TheAlbum.unsuccessfulbuild"에 연결(touching)하고 있습니다.
       ClCompile:
         C:\Program Files (x86)\Microsoft Visual Studio 10.0\VC\bin\CL.exe /c /ID:\GameLib\3DGraphics1\include /ID:\GameProject\TheAlbum\TheAlbum_Proj\TheAlbum\ /ZI /nologo /W3 /WX- /Od /Oy- /D _MBCS /Gm /EHsc /RTC1 /MTd /GS /fp:precise /Zc:wchar_t /Zc:forScope /Fo"Debug\\" /Fd"Debug\vc100.pdb" /Gd /TP /analyze- /errorReport:prompt GameContent\DynamicObject.cpp Pad.cpp Sequence\Game\Clear.cpp Sequence\Game\Load.cpp Sequence\Game\Parent.cpp Sequence\Game\Pause.cpp Sequence\Game\Play.cpp Sequence\StageSelect.cpp
         StageSelect.cpp
     1>d:\gamelib\3dgraphics1\include\gamelib\gamelib.h : warning C4819: 현재 코드 페이지(949)에서 표시할 수 없는 문자가 파일에 들어 있습니다. 데이터가 손실되지 않게 하려면 해당 파일을 유니코드 형식으로 저장하십시오.
     1>d:\gamelib\3dgraphics1\include\gamelib\sound\wave.h : warning C4819: 현재 코드 페이지(949)에서 표시할 수 없는 문자가 파일에 들어 있습니다. 데이터가 손실되지 않게 하려면 해당 파일을 유니코드 형식으로 저장하십시오.
     1>d:\gamelib\3dgraphics1\include\gamelib\sound\player.h : warning C4819: 현재 코드 페이지(949)에서 표시할 수 없는 문자가 파일에 들어 있습니다. 데이터가 손실되지 않게 하려면 해당 파일을 유니코드 형식으로 저장하십시오.
     1>d:\gameproject\thealbum\thealbum_proj\thealbum\sequence\stageselect.cpp(12): warning C4129: 'i' : 문자 이스케이프 시퀀스를 인식할 수 없습니다.
     1>d:\gameproject\thealbum\thealbum_proj\thealbum\sequence\stageselect.cpp(13): warning C4129: 'i' : 문자 이스케이프 시퀀스를 인식할 수 없습니다.
     1>d:\gameproject\thealbum\thealbum_proj\thealbum\sequence\stageselect.cpp(13): warning C4129: 'c' : 문자 이스케이프 시퀀스를 인식할 수 없습니다.
         Play.cpp
     1>d:\gamelib\3dgraphics1\include\gamelib\gamelib.h : warning C4819: 현재 코드 페이지(949)에서 표시할 수 없는 문자가 파일에 들어 있습니다. 데이터가 손실되지 않게 하려면 해당 파일을 유니코드 형식으로 저장하십시오.
     1>d:\gamelib\3dgraphics1\include\gamelib\input\keyboard.h : warning C4819: 현재 코드 페이지(949)에서 표시할 수 없는 문자가 파일에 들어 있습니다. 데이터가 손실되지 않게 하려면 해당 파일을 유니코드 형식으로 저장하십시오.
     1>d:\gamelib\3dgraphics1\include\gamelib\sound\wave.h : warning C4819: 현재 코드 페이지(949)에서 표시할 수 없는 문자가 파일에 들어 있습니다. 데이터가 손실되지 않게 하려면 해당 파일을 유니코드 형식으로 저장하십시오.
     1>d:\gamelib\3dgraphics1\include\gamelib\sound\player.h : warning C4819: 현재 코드 페이지(949)에서 표시할 수 없는 문자가 파일에 들어 있습니다. 데이터가 손실되지 않게 하려면 해당 파일을 유니코드 형식으로 저장하십시오.
     1>d:\gameproject\thealbum\thealbum_proj\thealbum\sequence\game\parent.h(36): error C2027: 정의되지 않은 형식 'Sequence::SeqParent'을(를) 사용했습니다.
                 d:\gameproject\thealbum\thealbum_proj\thealbum\sequence\seqchild.h(5) : 'Sequence::SeqParent' 선언을 참조하십시오.
     1>d:\gameproject\thealbum\thealbum_proj\thealbum\sequence\game\parent.h(36): error C2460: 'Sequence::Game::Parent::Stage' : 정의 중인 'Sequence::Game::Parent'을(를) 사용합니다.
                 d:\gameproject\thealbum\thealbum_proj\thealbum\sequence\game\parent.h(13) : 'Sequence::Game::Parent' 선언을 참조하십시오.
     1>d:\gameproject\thealbum\thealbum_proj\thealbum\sequence\game\parent.h(44): error C2146: 구문 오류 : ';'이(가) 'getStage' 식별자 앞에 없습니다.
     1>d:\gameproject\thealbum\thealbum_proj\thealbum\sequence\game\parent.h(44): error C4430: 형식 지정자가 없습니다. int로 가정합니다. 참고: C++에서는 기본 int를 지원하지 않습니다.
     1>d:\gameproject\thealbum\thealbum_proj\thealbum\sequence\game\parent.h(44): error C4430: 형식 지정자가 없습니다. int로 가정합니다. 참고: C++에서는 기본 int를 지원하지 않습니다.
     1>d:\gameproject\thealbum\thealbum_proj\thealbum\sequence\game\parent.h(44): warning C4183: 'getStage': 반환 형식이 없습니다. 'int'를 반환하는 멤버 함수로 간주됩니다.
         Pause.cpp
     1>d:\gamelib\3dgraphics1\include\gamelib\gamelib.h : warning C4819: 현재 코드 페이지(949)에서 표시할 수 없는 문자가 파일에 들어 있습니다. 데이터가 손실되지 않게 하려면 해당 파일을 유니코드 형식으로 저장하십시오.
     1>d:\gamelib\3dgraphics1\include\gamelib\sound\wave.h : warning C4819: 현재 코드 페이지(949)에서 표시할 수 없는 문자가 파일에 들어 있습니다. 데이터가 손실되지 않게 하려면 해당 파일을 유니코드 형식으로 저장하십시오.
     1>d:\gamelib\3dgraphics1\include\gamelib\sound\player.h : warning C4819: 현재 코드 페이지(949)에서 표시할 수 없는 문자가 파일에 들어 있습니다. 데이터가 손실되지 않게 하려면 해당 파일을 유니코드 형식으로 저장하십시오.
     1>d:\gameproject\thealbum\thealbum_proj\thealbum\sequence\game\parent.h(36): error C2027: 정의되지 않은 형식 'Sequence::SeqParent'을(를) 사용했습니다.
                 d:\gameproject\thealbum\thealbum_proj\thealbum\sequence\seqchild.h(5) : 'Sequence::SeqParent' 선언을 참조하십시오.
     1>d:\gameproject\thealbum\thealbum_proj\thealbum\sequence\game\parent.h(36): error C2460: 'Sequence::Game::Parent::Stage' : 정의 중인 'Sequence::Game::Parent'을(를) 사용합니다.
                 d:\gameproject\thealbum\thealbum_proj\thealbum\sequence\game\parent.h(13) : 'Sequence::Game::Parent' 선언을 참조하십시오.
     1>d:\gameproject\thealbum\thealbum_proj\thealbum\sequence\game\parent.h(44): error C2146: 구문 오류 : ';'이(가) 'getStage' 식별자 앞에 없습니다.
     1>d:\gameproject\thealbum\thealbum_proj\thealbum\sequence\game\parent.h(44): error C4430: 형식 지정자가 없습니다. int로 가정합니다. 참고: C++에서는 기본 int를 지원하지 않습니다.
     1>d:\gameproject\thealbum\thealbum_proj\thealbum\sequence\game\parent.h(44): error C4430: 형식 지정자가 없습니다. int로 가정합니다. 참고: C++에서는 기본 int를 지원하지 않습니다.
     1>d:\gameproject\thealbum\thealbum_proj\thealbum\sequence\game\parent.h(44): warning C4183: 'getStage': 반환 형식이 없습니다. 'int'를 반환하는 멤버 함수로 간주됩니다.
     1>d:\gameproject\thealbum\thealbum_proj\thealbum\sequence\game\pause.cpp(13): warning C4129: 'i' : 문자 이스케이프 시퀀스를 인식할 수 없습니다.
     1>d:\gameproject\thealbum\thealbum_proj\thealbum\sequence\game\pause.cpp(13): warning C4129: 'p' : 문자 이스케이프 시퀀스를 인식할 수 없습니다.
     1>d:\gameproject\thealbum\thealbum_proj\thealbum\sequence\game\pause.cpp(14): warning C4129: 'i' : 문자 이스케이프 시퀀스를 인식할 수 없습니다.
     1>d:\gameproject\thealbum\thealbum_proj\thealbum\sequence\game\pause.cpp(14): warning C4129: 'c' : 문자 이스케이프 시퀀스를 인식할 수 없습니다.
         Parent.cpp
     1>d:\gamelib\3dgraphics1\include\gamelib\gamelib.h : warning C4819: 현재 코드 페이지(949)에서 표시할 수 없는 문자가 파일에 들어 있습니다. 데이터가 손실되지 않게 하려면 해당 파일을 유니코드 형식으로 저장하십시오.
     1>d:\gameproject\thealbum\thealbum_proj\thealbum\sequence\game\parent.cpp(10): fatal error C1083: 포함 파일을 열 수 없습니다. 'Game\State.h': No such file or directory
         Load.cpp
     1>d:\gamelib\3dgraphics1\include\gamelib\gamelib.h : warning C4819: 현재 코드 페이지(949)에서 표시할 수 없는 문자가 파일에 들어 있습니다. 데이터가 손실되지 않게 하려면 해당 파일을 유니코드 형식으로 저장하십시오.
     1>d:\gameproject\thealbum\thealbum_proj\thealbum\sequence\game\parent.h(36): error C2027: 정의되지 않은 형식 'Sequence::SeqParent'을(를) 사용했습니다.
                 d:\gameproject\thealbum\thealbum_proj\thealbum\sequence\seqchild.h(5) : 'Sequence::SeqParent' 선언을 참조하십시오.
     1>d:\gameproject\thealbum\thealbum_proj\thealbum\sequence\game\parent.h(36): error C2460: 'Sequence::Game::Parent::Stage' : 정의 중인 'Sequence::Game::Parent'을(를) 사용합니다.
                 d:\gameproject\thealbum\thealbum_proj\thealbum\sequence\game\parent.h(13) : 'Sequence::Game::Parent' 선언을 참조하십시오.
     1>d:\gameproject\thealbum\thealbum_proj\thealbum\sequence\game\parent.h(44): error C2146: 구문 오류 : ';'이(가) 'getStage' 식별자 앞에 없습니다.
     1>d:\gameproject\thealbum\thealbum_proj\thealbum\sequence\game\parent.h(44): error C4430: 형식 지정자가 없습니다. int로 가정합니다. 참고: C++에서는 기본 int를 지원하지 않습니다.
     1>d:\gameproject\thealbum\thealbum_proj\thealbum\sequence\game\parent.h(44): error C4430: 형식 지정자가 없습니다. int로 가정합니다. 참고: C++에서는 기본 int를 지원하지 않습니다.
     1>d:\gameproject\thealbum\thealbum_proj\thealbum\sequence\game\parent.h(44): warning C4183: 'getStage': 반환 형식이 없습니다. 'int'를 반환하는 멤버 함수로 간주됩니다.
         Clear.cpp
     1>d:\gamelib\3dgraphics1\include\gamelib\gamelib.h : warning C4819: 현재 코드 페이지(949)에서 표시할 수 없는 문자가 파일에 들어 있습니다. 데이터가 손실되지 않게 하려면 해당 파일을 유니코드 형식으로 저장하십시오.
     1>d:\gameproject\thealbum\thealbum_proj\thealbum\sequence\game\parent.h(36): error C2027: 정의되지 않은 형식 'Sequence::SeqParent'을(를) 사용했습니다.
                 d:\gameproject\thealbum\thealbum_proj\thealbum\sequence\seqchild.h(5) : 'Sequence::SeqParent' 선언을 참조하십시오.
     1>d:\gameproject\thealbum\thealbum_proj\thealbum\sequence\game\parent.h(36): error C2460: 'Sequence::Game::Parent::Stage' : 정의 중인 'Sequence::Game::Parent'을(를) 사용합니다.
                 d:\gameproject\thealbum\thealbum_proj\thealbum\sequence\game\parent.h(13) : 'Sequence::Game::Parent' 선언을 참조하십시오.
     1>d:\gameproject\thealbum\thealbum_proj\thealbum\sequence\game\parent.h(44): error C2146: 구문 오류 : ';'이(가) 'getStage' 식별자 앞에 없습니다.
     1>d:\gameproject\thealbum\thealbum_proj\thealbum\sequence\game\parent.h(44): error C4430: 형식 지정자가 없습니다. int로 가정합니다. 참고: C++에서는 기본 int를 지원하지 않습니다.
     1>d:\gameproject\thealbum\thealbum_proj\thealbum\sequence\game\parent.h(44): error C4430: 형식 지정자가 없습니다. int로 가정합니다. 참고: C++에서는 기본 int를 지원하지 않습니다.
     1>d:\gameproject\thealbum\thealbum_proj\thealbum\sequence\game\parent.h(44): warning C4183: 'getStage': 반환 형식이 없습니다. 'int'를 반환하는 멤버 함수로 간주됩니다.
     1>d:\gameproject\thealbum\thealbum_proj\thealbum\sequence\game\clear.cpp(11): warning C4129: 'i' : 문자 이스케이프 시퀀스를 인식할 수 없습니다.
     1>d:\gameproject\thealbum\thealbum_proj\thealbum\sequence\game\clear.cpp(11): warning C4129: 'c' : 문자 이스케이프 시퀀스를 인식할 수 없습니다.
         Pad.cpp
     1>d:\gamelib\3dgraphics1\include\gamelib\gamelib.h : warning C4819: 현재 코드 페이지(949)에서 표시할 수 없는 문자가 파일에 들어 있습니다. 데이터가 손실되지 않게 하려면 해당 파일을 유니코드 형식으로 저장하십시오.
     1>d:\gamelib\3dgraphics1\include\gamelib\input\keyboard.h : warning C4819: 현재 코드 페이지(949)에서 표시할 수 없는 문자가 파일에 들어 있습니다. 데이터가 손실되지 않게 하려면 해당 파일을 유니코드 형식으로 저장하십시오.
     1>d:\gamelib\3dgraphics1\include\gamelib\input\joystick.h : warning C4819: 현재 코드 페이지(949)에서 표시할 수 없는 문자가 파일에 들어 있습니다. 데이터가 손실되지 않게 하려면 해당 파일을 유니코드 형식으로 저장하십시오.
     1>d:\gameproject\thealbum\thealbum_proj\thealbum\pad.cpp(18): error C2374: 'table' : 재정의. 여러 번 초기화했습니다.
                 d:\gameproject\thealbum\thealbum_proj\thealbum\pad.cpp(14) : 'table' 선언을 참조하십시오.
     1>d:\gameproject\thealbum\thealbum_proj\thealbum\pad.cpp(42): error C2374: 'table' : 재정의. 여러 번 초기화했습니다.
                 d:\gameproject\thealbum\thealbum_proj\thealbum\pad.cpp(38) : 'table' 선언을 참조하십시오.
         DynamicObject.cpp
     1>d:\gamelib\3dgraphics1\include\gamelib\gamelib.h : warning C4819: 현재 코드 페이지(949)에서 표시할 수 없는 문자가 파일에 들어 있습니다. 데이터가 손실되지 않게 하려면 해당 파일을 유니코드 형식으로 저장하십시오.
     1>d:\gamelib\3dgraphics1\include\gamelib\gamelib.h : warning C4819: 현재 코드 페이지(949)에서 표시할 수 없는 문자가 파일에 들어 있습니다. 데이터가 손실되지 않게 하려면 해당 파일을 유니코드 형식으로 저장하십시오.
     1>d:\gameproject\thealbum\thealbum_proj\thealbum\gamecontent\dynamicobject.cpp(177): error C2660: 'Pad::isOn' : 함수는 2개의 매개 변수를 사용하지 않습니다.
     1>d:\gameproject\thealbum\thealbum_proj\thealbum\gamecontent\dynamicobject.cpp(179): error C2660: 'Pad::isOn' : 함수는 2개의 매개 변수를 사용하지 않습니다.
     1>d:\gameproject\thealbum\thealbum_proj\thealbum\gamecontent\dynamicobject.cpp(182): error C2660: 'Pad::isOn' : 함수는 2개의 매개 변수를 사용하지 않습니다.
     1>d:\gameproject\thealbum\thealbum_proj\thealbum\gamecontent\dynamicobject.cpp(184): error C2660: 'Pad::isOn' : 함수는 2개의 매개 변수를 사용하지 않습니다.
     1>d:\gameproject\thealbum\thealbum_proj\thealbum\gamecontent\dynamicobject.cpp(231): error C2660: 'Pad::isOn' : 함수는 2개의 매개 변수를 사용하지 않습니다.
         코드를 생성하고 있습니다...
     1>"D:\GameProject\TheAlbum\TheAlbum_Proj\TheAlbum\TheAlbum.vcxproj" 프로젝트를 빌드했습니다(build 대상). - 실패

빌드하지 못했습니다.

경과 시간: 00:00:00.43
